[2016.03.11-20.36.47:378][  0]Log file open, 03/11/16 21:36:47
[2016.03.11-20.36.47:378][  0]LogInit:Display: Running engine for game: TowerBollocks
[2016.03.11-20.36.47:378][  0]LogPlatformFile: Not using cached read wrapper
[2016.03.11-20.36.47:378][  0]LogInit:Display: RandInit(149449535) SRandInit(149449536).
[2016.03.11-20.36.47:378][  0]LogTaskGraph: Started task graph with 4 named threads and 7 total threads.
[2016.03.11-20.36.47:378][  0]LogStats: Stats thread started at 0.068677
[2016.03.11-20.36.47:378][  0]LogInit: Version: 4.10.4-2872498+++depot+UE4-Releases+4.10
[2016.03.11-20.36.47:378][  0]LogInit: API Version: 2758231
[2016.03.11-20.36.47:378][  0]LogInit: Compiled (64-bit): Feb 18 2016 15:47:04
[2016.03.11-20.36.47:378][  0]LogInit: Compiled with Visual C++: 19.00.23026.00
[2016.03.11-20.36.47:378][  0]LogInit: Build Configuration: Development
[2016.03.11-20.36.47:378][  0]LogInit: Branch Name: ++depot+UE4-Releases+4.10
[2016.03.11-20.36.47:378][  0]LogInit: Command line: -EpicPortal 
[2016.03.11-20.36.47:378][  0]LogInit: Base directory: D:/Programs/Programming/Epic Games/4.10/Engine/Binaries/Win64/
[2016.03.11-20.36.47:378][  0]LogInit: Rocket: 1
[2016.03.11-20.36.47:382][  0]LogInit: Using libcurl 7.41.0
[2016.03.11-20.36.47:382][  0]LogInit:  - built for x86_64-pc-win32
[2016.03.11-20.36.47:382][  0]LogInit:  - supports SSL with WinSSL
[2016.03.11-20.36.47:382][  0]LogInit:  - other features:
[2016.03.11-20.36.47:382][  0]LogInit:      CURL_VERSION_SSL
[2016.03.11-20.36.47:382][  0]LogInit:      CURL_VERSION_IPV6
[2016.03.11-20.36.47:382][  0]LogInit:      CURL_VERSION_ASYNCHDNS
[2016.03.11-20.36.47:382][  0]LogInit:      CURL_VERSION_LARGEFILE
[2016.03.11-20.36.47:382][  0]LogInit:      CURL_VERSION_IDN
[2016.03.11-20.36.47:382][  0]LogInit:  CurlRequestOptions (configurable via config and command line):
[2016.03.11-20.36.47:382][  0]LogInit:  - bVerifyPeer = true  - Libcurl will verify peer certificate
[2016.03.11-20.36.47:382][  0]LogInit:  - bUseHttpProxy = false  - Libcurl will NOT use HTTP proxy
[2016.03.11-20.36.47:382][  0]LogInit:  - bDontReuseConnections = false  - Libcurl will reuse connections
[2016.03.11-20.36.47:382][  0]LogInit:  - CertBundlePath = nullptr  - Libcurl will use whatever was configured at build time.
[2016.03.11-20.36.47:387][  0]LogInit: Presizing for 0 objects not considered by GC, pre-allocating 0 bytes.
[2016.03.11-20.36.47:392][  0]LogInit: Object subsystem initialized
[2016.03.11-20.36.47:394][  0]LogInit: Selected Device Profile: [Windows]
[2016.03.11-20.36.47:394][  0]LogInit: Applying CVar settings loaded from the selected device profile: [Windows]
[2016.03.11-20.36.47:398][  0]LogInit: Computer: MEI
[2016.03.11-20.36.47:398][  0]LogInit: User: MattiasAndersson
[2016.03.11-20.36.47:398][  0]LogInit: CPU Page size=4096, Cores=4
[2016.03.11-20.36.47:399][  0]LogInit: High frequency timer resolution =3.906241 MHz
[2016.03.11-20.36.47:399][  0]LogMemory: Memory total: Physical=16.0GB (16GB approx)
[2016.03.11-20.36.47:399][  0]LogMemory: Platform Memory Stats for Windows
[2016.03.11-20.36.47:399][  0]LogMemory: Process Physical Memory: 56.14 MB used, 56.14 MB peak
[2016.03.11-20.36.47:399][  0]LogMemory: Process Virtual Memory: 54.87 MB used, 54.87 MB peak
[2016.03.11-20.36.47:399][  0]LogMemory: Physical Memory: 4505.90 MB used, 16334.32 MB total
[2016.03.11-20.36.47:399][  0]LogMemory: Virtual Memory: 384.11 MB used, 134217728.00 MB total
[2016.03.11-20.36.47:428][  0]LogTextLocalizationManager: No translations for ('sv-SE') exist, falling back to 'en' for localization and internationalization data.
[2016.03.11-20.36.47:781][  0]LogD3D11RHI: Found D3D11 adapter 0: NVIDIA GeForce GTX 980 (Feature Level 11_0)
[2016.03.11-20.36.47:781][  0]LogD3D11RHI: Adapter has 4008MB of dedicated video memory, 0MB of dedicated system memory, and 8167MB of shared system memory, 1 output[s]
[2016.03.11-20.36.47:784][  0]LogD3D11RHI: Found D3D11 adapter 1: Microsoft Basic Render Driver (Feature Level 11_0)
[2016.03.11-20.36.47:784][  0]LogD3D11RHI: Adapter has 0MB of dedicated video memory, 0MB of dedicated system memory, and 8167MB of shared system memory, 0 output[s]
[2016.03.11-20.36.47:784][  0]LogD3D11RHI: Chosen D3D11 Adapter Id = 0
[2016.03.11-20.36.47:787][  0]LogD3D11RHI: !Direct3DDevice
[2016.03.11-20.36.47:787][  0]LogRHI: Texture pool is 1361 MB (70% of 1945 MB)
[2016.03.11-20.36.47:796][  0]LogD3D11RHI: Async texture creation enabled
[2016.03.11-20.36.47:810][  0]LogShaderCompilers: Guid format shader working directory is -9 characters bigger than the processId version (../../../../../../../Files/Unreal/ByggaSaker/TowerBollocks/Intermediate/Shaders/WorkingDirectory/8832/).
[2016.03.11-20.36.47:811][  0]LogShaderCompilers: Cleaned the shader compiler working directory 'C:/Users/MATTIA~1/AppData/Local/Temp/UnrealShaderWorkingDir/4D7E02F84A9879156BF9CC86CF355161/'.
[2016.03.11-20.36.47:811][  0]LogShaderCompilers:Display: Using Local Shader Compiler.
[2016.03.11-20.36.48:426][  0]LogTemp:Display: Loaded TP AllDesktopTargetPlatform
[2016.03.11-20.36.48:429][  0]LogTemp:Display: Loaded TP WindowsClientTargetPlatform
[2016.03.11-20.36.48:432][  0]LogTemp:Display: Loaded TP WindowsNoEditorTargetPlatform
[2016.03.11-20.36.48:436][  0]LogTemp:Display: Loaded TP WindowsServerTargetPlatform
[2016.03.11-20.36.48:439][  0]LogTemp:Display: Loaded TP WindowsTargetPlatform
[2016.03.11-20.36.48:441][  0]LogTemp:Display: Loaded TP AndroidTargetPlatform
[2016.03.11-20.36.48:443][  0]LogTemp:Display: Loaded TP Android_ASTCTargetPlatform
[2016.03.11-20.36.48:445][  0]LogTemp:Display: Loaded TP Android_ATCTargetPlatform
[2016.03.11-20.36.48:446][  0]LogTemp:Display: Loaded TP Android_DXTTargetPlatform
[2016.03.11-20.36.48:449][  0]LogTemp:Display: Loaded TP Android_ETC1TargetPlatform
[2016.03.11-20.36.48:451][  0]LogTemp:Display: Loaded TP Android_ETC2TargetPlatform
[2016.03.11-20.36.48:456][  0]LogTemp:Display: Loaded TP Android_MultiTargetPlatform
[2016.03.11-20.36.48:456][  0]LogTemp:Display: Loaded TP Android_PVRTCTargetPlatform
[2016.03.11-20.36.48:457][  0]LogTemp:Display: Loaded TP HTML5TargetPlatform
[2016.03.11-20.36.48:472][  0]LogTemp:Display: Loaded TP IOSTargetPlatform
[2016.03.11-20.36.48:474][  0]LogTemp:Display: Loaded TP LinuxNoEditorTargetPlatform
[2016.03.11-20.36.48:477][  0]LogTemp:Display: Loaded TP LinuxServerTargetPlatform
[2016.03.11-20.36.48:479][  0]LogTemp:Display: Loaded TP LinuxTargetPlatform
[2016.03.11-20.36.48:479][  0]LogTargetPlatformManager:Display: Building Assets For Windows
[2016.03.11-20.36.48:543][  0]LogDerivedDataCache:Display: Max Cache Size: 512 MB
[2016.03.11-20.36.48:580][  0]LogDerivedDataCache: Loaded boot cache 0.04s 41MB C:/Users/Mattias Andersson/AppData/Local/UnrealEngine/4.10/DerivedDataCache/Boot.ddc.
[2016.03.11-20.36.48:580][  0]LogDerivedDataCache:Display: Loaded Boot cache: C:/Users/Mattias Andersson/AppData/Local/UnrealEngine/4.10/DerivedDataCache/Boot.ddc
[2016.03.11-20.36.48:580][  0]LogDerivedDataCache: FDerivedDataBackendGraph:  Pak pak cache file ../../../../../../../Files/Unreal/ByggaSaker/TowerBollocks/DerivedDataCache/DDC.ddp not found, will not use a pak cache.
[2016.03.11-20.36.48:580][  0]LogDerivedDataCache: Unable to find inner node Pak for hierarchical cache Hierarchy.
[2016.03.11-20.36.48:580][  0]LogDerivedDataCache: FDerivedDataBackendGraph:  CompressedPak pak cache file ../../../../../../../Files/Unreal/ByggaSaker/TowerBollocks/DerivedDataCache/Compressed.ddp not found, will not use a pak cache.
[2016.03.11-20.36.48:580][  0]LogDerivedDataCache: Unable to find inner node CompressedPak for hierarchical cache Hierarchy.
[2016.03.11-20.36.48:645][  0]LogDerivedDataCache:Display: Pak cache opened for reading ../../../Engine/DerivedDataCache/Compressed.ddp.
[2016.03.11-20.36.48:656][  0]LogDerivedDataCache: Using Local data cache path C:/Users/Mattias Andersson/AppData/Local/UnrealEngine/Common/DerivedDataCache: Writable
[2016.03.11-20.36.48:810][  0]LogInit: Selected Device Profile: [Windows]
[2016.03.11-20.36.48:812][  0]LogContentStreaming: Texture pool size is 0.000000MB
[2016.03.11-20.36.48:903][  0]LogMeshUtilities: No automatic mesh reduction module available
[2016.03.11-20.36.48:903][  0]LogMeshUtilities: No automatic mesh merging module available
[2016.03.11-20.36.49:068][  0]LogInit: WinSock: version 1.1 (2.2), MaxSocks=32767, MaxUdp=65467
[2016.03.11-20.36.49:820][  0]UdpMessaging: Initializing bridge on interface 0.0.0.0:0 to multicast group 230.0.0.1:6666.
[2016.03.11-20.36.49:891][  0]LogSkinnedMeshComp:Warning: GetSocketByName(): No SkeletalMesh for CharacterMesh1P
[2016.03.11-20.36.49:891][  0]LogLinker:Warning: Asset '../../../../../../../Files/Unreal/ByggaSaker/TowerBollocks/Content/FirstPersonCPP/Blueprints/FirstPersonCharacter.uasset' has been saved with empty engine version. The asset will be loaded but may be incompatible.
[2016.03.11-20.36.49:966][  0]LogLinker:Warning: Asset '../../../../../../../Files/Unreal/ByggaSaker/TowerBollocks/Content/FirstPerson/Meshes/FirstPersonProjectileMesh.uasset' has been saved with empty engine version. The asset will be loaded but may be incompatible.
[2016.03.11-20.36.50:053][  0]LogSkinnedMeshComp:Warning: GetSocketByName(): No SkeletalMesh for CharacterMesh1P
[2016.03.11-20.36.50:054][  0]LogSkinnedMeshComp:Warning: GetSocketByName(): No SkeletalMesh for CharacterMesh1P
[2016.03.11-20.36.50:267][  0]LogAssetRegistry: FAssetRegistry took 0.0106 seconds to start up
[2016.03.11-20.36.50:394][  0]SourceControl: Info Source control is disabled
[2016.03.11-20.36.50:416][  0]SourceControl: Info Source control is disabled
[2016.03.11-20.36.50:425][  0]SourceControl: Info Source control is disabled
[2016.03.11-20.36.50:434][  0]SourceControl: Info Source control is disabled
[2016.03.11-20.36.50:617][  0]LogObj: 32280 objects as part of root set at end of initial load.
[2016.03.11-20.36.50:617][  0]LogUObjectAllocator: 7412288 out of 0 bytes used by permanent object pool.
[2016.03.11-20.36.50:662][  0]LogEngine: Initializing Engine...
[2016.03.11-20.36.50:664][  0]LogHMD: Can't find Oculus library dev build: is proper Runtime installed? Version: 0.8.0.0
[2016.03.11-20.36.50:664][  0]LogHMD: SteamVR failed to initialize.  Err: 110
[2016.03.11-20.36.50:749][  0]LogAIModule: Creating AISystem for world NewWorld
[2016.03.11-20.36.50:755][  0]LogInit: XAudio2 using 'BenQ GW2765-8 (NVIDIA High Definition Audio)' : 2 channels at 48 kHz using 16 bits per sample (channel mask 0x3)
[2016.03.11-20.36.50:761][  0]LogInit: FAudioDevice initialized.
[2016.03.11-20.36.50:777][  0]LogDerivedDataCache: Saved boot cache 0.02s 43MB C:/Users/Mattias Andersson/AppData/Local/UnrealEngine/4.10/DerivedDataCache/Boot.ddc.
[2016.03.11-20.36.50:779][  0]LogInit: Texture streaming: Enabled
[2016.03.11-20.36.50:783][  0]LogAnalytics: Creating configured Analytics provider AnalyticsET
[2016.03.11-20.36.50:784][  0]LogAnalytics: [UEEditor.Rocket.Release] APIServer = http://et2.epicgames.com/ET2/. AppVersion = 4.10.4-2872498+++depot+UE4-Releases+4.10
[2016.03.11-20.36.50:784][  0]LogAnalytics: [UEEditor.Rocket.Release] SetUserId 7e4384a44e35e80e9abae4a1743bb6c3|31b81c4c055e4cb8b177921afbb09a3c|2a65b65a-1eb6-4f86-8cad-8e48130d1610
[2016.03.11-20.36.50:784][  0]LogAnalytics: [UEEditor.Rocket.Release] AnalyticsET::StartSession
[2016.03.11-20.36.50:789][  0]LogInit: Transaction tracking system initialized
[2016.03.11-20.36.50:807][  0]BlueprintLog: New page: Editor Load
[2016.03.11-20.36.51:165][  0]LocalizationService: Info Localization service is disabled
[2016.03.11-20.36.51:274][  0]LogConsoleResponse:Display: 
[2016.03.11-20.36.51:355][  0]LogCook:Display: Done creating registry. It took  0.00s.
[2016.03.11-20.36.51:399][  0]LogFileCache: Scanning file cache for directory 'D:/Files/Unreal/ByggaSaker/TowerBollocks/Content/' took 0.01s
[2016.03.11-20.36.51:399][  0]SourceControl: Info Source control is disabled
[2016.03.11-20.36.51:399][  0]Cmd: MAP LOAD FILE="../../../../../../../Files/Unreal/ByggaSaker/TowerBollocks/Content/FirstPersonCPP/Maps/FirstPersonExampleMap.umap" TEMPLATE=0 SHOWPROGRESS=1 FEATURELEVEL=3
[2016.03.11-20.36.51:399][  0]LightingResults: New page: Lighting Build
[2016.03.11-20.36.51:401][  0]MapCheck: New page: Map Check
[2016.03.11-20.36.51:401][  0]LightingResults: New page: Lighting Build
[2016.03.11-20.36.51:410][  0]LogParticles: Destroying 0 GPU particle simulations for FXSystem 0x0000024A234C5080
[2016.03.11-20.36.51:499][  0]LogSkinnedMeshComp:Warning: GetSocketByName(): No SkeletalMesh for CharacterMesh1P
[2016.03.11-20.36.51:575][  0]LogTexture:Display: Building textures: HQ_Lightmap0_5 (AutoDXT)
[2016.03.11-20.36.52:168][  0]LogTexture:Display: Building textures: HQ_Lightmap0_6 (AutoDXT)
[2016.03.11-20.36.52:789][  0]LogTexture:Display: Building textures: HQ_Lightmap0_8 (AutoDXT)
[2016.03.11-20.36.52:817][  0]LogTexture:Display: Building textures: HQ_Lightmap1_1 (AutoDXT)
[2016.03.11-20.36.53:206][  0]LogTexture:Display: Building textures: HQ_Lightmap1_2 (AutoDXT)
[2016.03.11-20.36.53:566][  0]LogTexture:Display: Building textures: HQ_Lightmap1_3 (AutoDXT)
[2016.03.11-20.36.54:017][  0]LogTexture:Display: Building textures: HQ_Lightmap1_4 (AutoDXT)
[2016.03.11-20.36.54:375][  0]LogTexture:Display: Building textures: HQ_Lightmap1_7 (AutoDXT)
[2016.03.11-20.36.54:830][  0]LogTexture:Display: Building textures: LQ_Lightmap_0_5 (DXT1)
[2016.03.11-20.36.55:066][  0]LogTexture:Display: Building textures: LQ_Lightmap_0_6 (DXT1)
[2016.03.11-20.36.55:281][  0]LogTexture:Display: Building textures: LQ_Lightmap_0_8 (DXT1)
[2016.03.11-20.36.55:309][  0]LogTexture:Display: Building textures: LQ_Lightmap_1_1 (DXT1)
[2016.03.11-20.36.55:480][  0]LogTexture:Display: Building textures: LQ_Lightmap_1_2 (DXT1)
[2016.03.11-20.36.55:659][  0]LogTexture:Display: Building textures: LQ_Lightmap_1_3 (DXT1)
[2016.03.11-20.36.55:842][  0]LogTexture:Display: Building textures: LQ_Lightmap_1_4 (DXT1)
[2016.03.11-20.36.56:024][  0]LogTexture:Display: Building textures: LQ_Lightmap_1_7 (DXT1)
[2016.03.11-20.36.56:203][  0]LogTexture:Display: Building textures: SkyOcclusion0_5 (AutoDXT)
[2016.03.11-20.36.56:432][  0]LogTexture:Display: Building textures: SkyOcclusion0_6 (AutoDXT)
[2016.03.11-20.36.56:661][  0]LogTexture:Display: Building textures: SkyOcclusion1_1 (AutoDXT)
[2016.03.11-20.36.56:812][  0]LogTexture:Display: Building textures: SkyOcclusion1_2 (AutoDXT)
[2016.03.11-20.36.56:968][  0]LogTexture:Display: Building textures: SkyOcclusion1_3 (AutoDXT)
[2016.03.11-20.36.57:122][  0]LogTexture:Display: Building textures: SkyOcclusion1_4 (AutoDXT)
[2016.03.11-20.36.57:267][  0]LogTexture:Display: Building textures: SkyOcclusion1_7 (AutoDXT)
[2016.03.11-20.36.57:455][  0]LogTexture:Display: Building textures: SkyOcclusion1_8 (AutoDXT)
[2016.03.11-20.36.57:464][  0]LogTexture:Display: Building textures: ShadowMapTexture2D_10 (G8)
[2016.03.11-20.36.57:529][  0]LogTexture:Display: Building textures: ShadowMapTexture2D_11 (G8)
[2016.03.11-20.36.57:592][  0]LogTexture:Display: Building textures: ShadowMapTexture2D_12 (G8)
[2016.03.11-20.36.57:647][  0]LogTexture:Display: Building textures: ShadowMapTexture2D_13 (G8)
[2016.03.11-20.36.57:653][  0]LogTexture:Display: Building textures: ShadowMapTexture2D_4 (G8)
[2016.03.11-20.36.57:715][  0]LogTexture:Display: Building textures: ShadowMapTexture2D_5 (G8)
[2016.03.11-20.36.57:780][  0]LogTexture:Display: Building textures: ShadowMapTexture2D_8 (G8)
[2016.03.11-20.36.57:846][  0]LogTexture:Display: Building textures: ShadowMapTexture2D_9 (G8)
[2016.03.11-20.36.58:001][  0]LogAIModule: Creating AISystem for world FirstPersonExampleMap
[2016.03.11-20.36.58:008][  0]LogEditorServer: Finished looking for orphan Actors (0.000 secs)
[2016.03.11-20.36.58:008][  0]Cmd: MAP CHECKDEP NOCLEARLOG
[2016.03.11-20.36.58:084][  0]MapCheck: Info Map check complete: 0 Error(s), 0 Warning(s), took 76.308ms to complete.
[2016.03.11-20.36.58:084][  0]LogFileHelpers: Loading map 'FirstPersonExampleMap' took 6.686
[2016.03.11-20.36.58:233][  0]LogCollectionManager: Loaded 0 collections in 0.001470 seconds
[2016.03.11-20.36.58:270][  0]LogFileCache: Scanning file cache for directory 'D:/Files/Unreal/ByggaSaker/TowerBollocks/Saved/Collections/' took 0.01s
[2016.03.11-20.36.58:270][  0]LogFileCache: Scanning file cache for directory 'D:/Files/Unreal/ByggaSaker/TowerBollocks/Content/Developers/MattiasAndersson/Collections/' took 0.01s
[2016.03.11-20.36.58:270][  0]LogFileCache: Scanning file cache for directory 'D:/Files/Unreal/ByggaSaker/TowerBollocks/Content/Collections/' took 0.01s
[2016.03.11-20.36.58:271][  0]LogCollectionManager: Rebuilt the GUID cache for 0 collections in 0.000001 seconds
[2016.03.11-20.36.58:277][  0]LogContentBrowser: Native class hierarchy populated in 0.0059 seconds. Added 1897 classes and 340 folders.
[2016.03.11-20.36.58:282][  0]LogContentBrowser: Native class hierarchy updated for 'WidgetCarousel' in 0.0010 seconds. Added 0 classes and 0 folders.
[2016.03.11-20.36.58:325][  0]LogContentBrowser: Native class hierarchy updated for 'AddContentDialog' in 0.0011 seconds. Added 0 classes and 0 folders.
[2016.03.11-20.36.58:474][  0]LogContentBrowser: Native class hierarchy updated for 'SceneOutliner' in 0.0011 seconds. Added 1 classes and 2 folders.
[2016.03.11-20.36.58:700][  0]LogCrashTracker: Crashtracker disabled due to settings.
[2016.03.11-20.36.58:705][  0]LogUObjectGlobals:Warning: Failed to find object 'Class None.'
[2016.03.11-20.36.58:727][  0]LogLoad: Full Startup: 11.91 seconds (BP compile: 0.05 seconds)
[2016.03.11-20.36.58:736][  0]LogWindowsTextInputMethodSystem:Display: IME system now deactivated.
[2016.03.11-20.36.58:739][  0]LogOcInput: Can't find Oculus library dev build: is proper Runtime installed? Version: 0.8.0.0
[2016.03.11-20.36.58:845][  0]LogContentStreaming: Texture pool size now 1000 MB
[2016.03.11-20.36.59:070][  0]LogRenderer: Reallocating scene render targets to support 1616x808 (Frame:2).
[2016.03.11-20.37.02:561][382]LogBlueprintUserMessages: Early PlayInEditor Detection: Level '/Game/FirstPersonCPP/Maps/FirstPersonExampleMap.FirstPersonExampleMap:PersistentLevel' has LevelScriptBlueprint '/Game/FirstPersonCPP/Maps/FirstPersonExampleMap.FirstPersonExampleMap:PersistentLevel.FirstPersonExampleMap' with GeneratedClass '/Game/FirstPersonCPP/Maps/FirstPersonExampleMap.FirstPersonExampleMap_C' with ClassGeneratedBy '/Game/FirstPersonCPP/Maps/FirstPersonExampleMap.FirstPersonExampleMap:PersistentLevel.FirstPersonExampleMap'
[2016.03.11-20.37.02:561][382]LogPlayLevel: PlayLevel: No blueprints needed recompiling
[2016.03.11-20.37.02:564][382]PIE: New page: PIE session: FirstPersonExampleMap (Mar 11, 2016, 10:37:02 PM)
[2016.03.11-20.37.02:564][382]LogPlayLevel: Creating play world package: /Game/FirstPersonCPP/Maps/UEDPIE_0_FirstPersonExampleMap
[2016.03.11-20.37.02:565][382]LogSkinnedMeshComp:Warning: GetSocketByName(): No SkeletalMesh for CharacterMesh1P
[2016.03.11-20.37.02:584][382]LogPlayLevel: PIE: StaticDuplicateObject took: (0.019347s)
[2016.03.11-20.37.02:584][382]LogAIModule: Creating AISystem for world FirstPersonExampleMap
[2016.03.11-20.37.02:585][382]LogPlayLevel: PIE: World Init took: (0.000727s)
[2016.03.11-20.37.02:585][382]LogPlayLevel: PIE: Created PIE world by copying editor world from /Game/FirstPersonCPP/Maps/FirstPersonExampleMap.FirstPersonExampleMap to /Game/FirstPersonCPP/Maps/UEDPIE_0_FirstPersonExampleMap.FirstPersonExampleMap (0.020367s)
[2016.03.11-20.37.02:603][382]LogInit: XAudio2 using 'BenQ GW2765-8 (NVIDIA High Definition Audio)' : 2 channels at 48 kHz using 16 bits per sample (channel mask 0x3)
[2016.03.11-20.37.02:607][382]LogInit: FAudioDevice initialized.
[2016.03.11-20.37.02:739][382]LogWorld: Game class is 'TowerBollocksGameMode'
[2016.03.11-20.37.02:744][382]LogWorld: Bringing World /Game/FirstPersonCPP/Maps/UEDPIE_0_FirstPersonExampleMap.FirstPersonExampleMap up for play (max tick rate 0) at 2016.03.11-21.37.02
[2016.03.11-20.37.02:744][382]LogActor:Warning: GameSession /Game/FirstPersonCPP/Maps/UEDPIE_0_FirstPersonExampleMap.FirstPersonExampleMap:PersistentLevel.GameSession_0 has natively added scene component(s), but none of them were set as the actor's RootComponent - picking one arbitrarily
[2016.03.11-20.37.02:744][382]LogActor:Warning: GameNetworkManager /Game/FirstPersonCPP/Maps/UEDPIE_0_FirstPersonExampleMap.FirstPersonExampleMap:PersistentLevel.GameNetworkManager_0 has natively added scene component(s), but none of them were set as the actor's RootComponent - picking one arbitrarily
[2016.03.11-20.37.02:745][382]LogWorld: Bringing up level for play took: 0.004298
[2016.03.11-20.37.02:746][382]PIE: Info Play in editor start time for /Game/FirstPersonCPP/Maps/UEDPIE_0_FirstPersonExampleMap 0.7
[2016.03.11-20.37.02:746][382]LogBlueprintUserMessages: Late PlayInEditor Detection: Level '/Game/FirstPersonCPP/Maps/FirstPersonExampleMap.FirstPersonExampleMap:PersistentLevel' has LevelScriptBlueprint '/Game/FirstPersonCPP/Maps/FirstPersonExampleMap.FirstPersonExampleMap:PersistentLevel.FirstPersonExampleMap' with GeneratedClass '/Game/FirstPersonCPP/Maps/FirstPersonExampleMap.FirstPersonExampleMap_C' with ClassGeneratedBy '/Game/FirstPersonCPP/Maps/FirstPersonExampleMap.FirstPersonExampleMap:PersistentLevel.FirstPersonExampleMap'
[2016.03.11-20.37.07:042][893]LogAssetRegistry: Asset discovery search completed in 16.7852 seconds
[2016.03.11-20.37.07:042][893]LogCollectionManager: Rebuilt the object cache for 0 collections in 0.000001 seconds (found 0 objects)
[2016.03.11-20.37.07:042][893]LogCollectionManager: Fixed up redirectors for 0 collections in 0.000026 seconds (updated 0 objects)
[2016.03.11-20.37.14:642][804]LogBlueprintUserMessages: Early EndPlayMap Detection: Level '/Game/FirstPersonCPP/Maps/FirstPersonExampleMap.FirstPersonExampleMap:PersistentLevel' has LevelScriptBlueprint '/Game/FirstPersonCPP/Maps/FirstPersonExampleMap.FirstPersonExampleMap:PersistentLevel.FirstPersonExampleMap' with GeneratedClass '/Game/FirstPersonCPP/Maps/FirstPersonExampleMap.FirstPersonExampleMap_C' with ClassGeneratedBy '/Game/FirstPersonCPP/Maps/FirstPersonExampleMap.FirstPersonExampleMap:PersistentLevel.FirstPersonExampleMap'
[2016.03.11-20.37.14:696][804]LogBlueprintUserMessages: Late EndPlayMap Detection: Level '/Game/FirstPersonCPP/Maps/FirstPersonExampleMap.FirstPersonExampleMap:PersistentLevel' has LevelScriptBlueprint '/Game/FirstPersonCPP/Maps/FirstPersonExampleMap.FirstPersonExampleMap:PersistentLevel.FirstPersonExampleMap' with GeneratedClass '/Game/FirstPersonCPP/Maps/FirstPersonExampleMap.FirstPersonExampleMap_C' with ClassGeneratedBy '/Game/FirstPersonCPP/Maps/FirstPersonExampleMap.FirstPersonExampleMap:PersistentLevel.FirstPersonExampleMap'
[2016.03.11-20.37.14:706][804]LogParticles: Destroying 0 GPU particle simulations for FXSystem 0x0000024A30FEA5C0
[2016.03.11-20.37.16:620][ 26]LogWindowsTextInputMethodSystem:Display: IME system now deactivated.
[2016.03.11-20.37.16:802][ 27]Cmd: QUIT_EDITOR
[2016.03.11-20.37.16:999][ 27]LogExit: Preparing to exit.
[2016.03.11-20.37.17:892][ 27]LogExit: Editor shut down
[2016.03.11-20.37.17:892][ 27]LogExit: Transaction tracking system shut down
[2016.03.11-20.37.17:893][ 27]LogParticles: Destroying 0 GPU particle simulations for FXSystem 0x0000024A243A13A0
[2016.03.11-20.37.17:893][ 27]LogParticles: Destroying 0 GPU particle simulations for FXSystem 0x0000024A22ADF880
[2016.03.11-20.37.18:010][ 27]LogExit: Object subsystem successfully closed.
[2016.03.11-20.37.18:028][ 27]LogD3D11RHI: Shutdown
[2016.03.11-20.37.18:028][ 27]LogD3D11RHI: CleanupD3DDevice
[2016.03.11-20.37.18:059][ 27]LogD3D11RHI: ~FD3D11DynamicRHI
[2016.03.11-20.37.18:070][ 27]LogModuleManager: Shutting down and abandoning module CrashTracker (199)
[2016.03.11-20.37.18:070][ 27]LogModuleManager: Shutting down and abandoning module SceneOutliner (198)
[2016.03.11-20.37.18:070][ 27]LogModuleManager: Shutting down and abandoning module SuperSearch (197)
[2016.03.11-20.37.18:070][ 27]LogModuleManager: Shutting down and abandoning module WidgetCarousel (196)
[2016.03.11-20.37.18:070][ 27]LogModuleManager: Shutting down and abandoning module AddContentDialog (195)
[2016.03.11-20.37.18:071][ 27]LogModuleManager: Shutting down and abandoning module EditorWidgets (194)
[2016.03.11-20.37.18:071][ 27]LogModuleManager: Shutting down and abandoning module CollectionManager (193)
[2016.03.11-20.37.18:071][ 27]LogModuleManager: Shutting down and abandoning module StatsViewer (192)
[2016.03.11-20.37.18:071][ 27]LogModuleManager: Shutting down and abandoning module FoliageEdit (191)
[2016.03.11-20.37.18:071][ 27]LogModuleManager: Shutting down and abandoning module LandscapeEditor (190)
[2016.03.11-20.37.18:071][ 27]LogModuleManager: Shutting down and abandoning module ActorPickerMode (189)
[2016.03.11-20.37.18:071][ 27]LogModuleManager: Shutting down and abandoning module GeometryMode (188)
[2016.03.11-20.37.18:071][ 27]LogModuleManager: Shutting down and abandoning module TextureAlignMode (187)
[2016.03.11-20.37.18:071][ 27]LogModuleManager: Shutting down and abandoning module BspMode (186)
[2016.03.11-20.37.18:071][ 27]LogModuleManager: Shutting down and abandoning module PlacementMode (185)
[2016.03.11-20.37.18:071][ 27]LogModuleManager: Shutting down and abandoning module AutomationWorker (184)
[2016.03.11-20.37.18:071][ 27]LogModuleManager: Shutting down and abandoning module CharacterAI (183)
[2016.03.11-20.37.18:071][ 27]LogModuleManager: Shutting down and abandoning module SmartSnapping (182)
[2016.03.11-20.37.18:071][ 27]LogModuleManager: Shutting down and abandoning module ViewportSnapping (181)
[2016.03.11-20.37.18:071][ 27]LogModuleManager: Shutting down and abandoning module LogVisualizer (180)
[2016.03.11-20.37.18:071][ 27]LogModuleManager: Shutting down and abandoning module GameProjectGeneration (179)
[2016.03.11-20.37.18:071][ 27]LogModuleManager: Shutting down and abandoning module IntroTutorials (178)
[2016.03.11-20.37.18:071][ 27]LogModuleManager: Shutting down and abandoning module EditorLiveStreaming (177)
[2016.03.11-20.37.18:071][ 27]LogModuleManager: Shutting down and abandoning module IOSPlatformEditor (176)
[2016.03.11-20.37.18:071][ 27]LogModuleManager: Shutting down and abandoning module HTML5PlatformEditor (175)
[2016.03.11-20.37.18:072][ 27]LogModuleManager: Shutting down and abandoning module AndroidDeviceDetection (174)
[2016.03.11-20.37.18:201][ 27]LogModuleManager: Shutting down and abandoning module AndroidPlatformEditor (173)
[2016.03.11-20.37.18:201][ 27]LogModuleManager: Shutting down and abandoning module IOSRuntimeSettings (172)
[2016.03.11-20.37.18:201][ 27]LogModuleManager: Shutting down and abandoning module AndroidRuntimeSettings (171)
[2016.03.11-20.37.18:201][ 27]LogModuleManager: Shutting down and abandoning module MergeActors (170)
[2016.03.11-20.37.18:201][ 27]LogModuleManager: Shutting down and abandoning module SizeMap (169)
[2016.03.11-20.37.18:201][ 27]LogModuleManager: Shutting down and abandoning module TreeMap (168)
[2016.03.11-20.37.18:201][ 27]LogModuleManager: Shutting down and abandoning module ReferenceViewer (167)
[2016.03.11-20.37.18:201][ 27]LogModuleManager: Shutting down and abandoning module LocalizationService (166)
[2016.03.11-20.37.18:201][ 27]LogModuleManager: Shutting down and abandoning module LocalizationDashboard (165)
[2016.03.11-20.37.18:201][ 27]LogModuleManager: Shutting down and abandoning module HardwareTargeting (164)
[2016.03.11-20.37.18:201][ 27]LogModuleManager: Shutting down and abandoning module DeviceProfileEditor (163)
[2016.03.11-20.37.18:201][ 27]LogModuleManager: Shutting down and abandoning module UndoHistory (162)
[2016.03.11-20.37.18:201][ 27]LogModuleManager: Shutting down and abandoning module GameplayTagsEditor (161)
[2016.03.11-20.37.18:201][ 27]LogModuleManager: Shutting down and abandoning module UserFeedback (160)
[2016.03.11-20.37.18:201][ 27]LogModuleManager: Shutting down and abandoning module XmlParser (159)
[2016.03.11-20.37.18:201][ 27]LogModuleManager: Shutting down and abandoning module Blutility (158)
[2016.03.11-20.37.18:201][ 27]LogModuleManager: Shutting down and abandoning module ProjectTargetPlatformEditor (157)
[2016.03.11-20.37.18:201][ 27]LogModuleManager: Shutting down and abandoning module ProjectSettingsViewer (156)
[2016.03.11-20.37.18:201][ 27]LogModuleManager: Shutting down and abandoning module InputBindingEditor (155)
[2016.03.11-20.37.18:201][ 27]LogModuleManager: Shutting down and abandoning module EditorSettingsViewer (154)
[2016.03.11-20.37.18:201][ 27]LogModuleManager: Shutting down and abandoning module SettingsEditor (153)
[2016.03.11-20.37.18:201][ 27]LogModuleManager: Shutting down and abandoning module ProjectLauncher (152)
[2016.03.11-20.37.18:201][ 27]LogModuleManager: Shutting down and abandoning module SessionFrontend (151)
[2016.03.11-20.37.18:202][ 27]LogModuleManager: Shutting down and abandoning module ProfilerClient (150)
[2016.03.11-20.37.18:202][ 27]LogModuleManager: Shutting down and abandoning module TargetDeviceServices (149)
[2016.03.11-20.37.18:202][ 27]LogModuleManager: Shutting down and abandoning module DeviceManager (148)
[2016.03.11-20.37.18:202][ 27]LogModuleManager: Shutting down and abandoning module AutomationController (147)
[2016.03.11-20.37.18:202][ 27]LogModuleManager: Shutting down and abandoning module AutomationWindow (146)
[2016.03.11-20.37.18:202][ 27]LogModuleManager: Shutting down and abandoning module Layers (145)
[2016.03.11-20.37.18:202][ 27]LogModuleManager: Shutting down and abandoning module ComponentVisualizers (144)
[2016.03.11-20.37.18:202][ 27]LogModuleManager: Shutting down and abandoning module DetailCustomizations (143)
[2016.03.11-20.37.18:202][ 27]LogModuleManager: Shutting down and abandoning module PackagesDialog (142)
[2016.03.11-20.37.18:202][ 27]LogModuleManager: Shutting down and abandoning module Persona (141)
[2016.03.11-20.37.18:202][ 27]LogModuleManager: Shutting down and abandoning module Kismet (140)
[2016.03.11-20.37.18:202][ 27]LogModuleManager: Shutting down and abandoning module GraphEditor (139)
[2016.03.11-20.37.18:202][ 27]LogModuleManager: Shutting down and abandoning module ClassViewer (138)
[2016.03.11-20.37.18:202][ 27]LogModuleManager: Shutting down and abandoning module Toolbox (137)
[2016.03.11-20.37.18:202][ 27]LogModuleManager: Shutting down and abandoning module ModuleUI (136)
[2016.03.11-20.37.18:202][ 27]LogModuleManager: Shutting down and abandoning module MovieSceneTools (135)
[2016.03.11-20.37.18:202][ 27]LogModuleManager: Shutting down and abandoning module OutputLog (134)
[2016.03.11-20.37.18:202][ 27]LogModuleManager: Shutting down and abandoning module GammaUI (133)
[2016.03.11-20.37.18:202][ 27]LogModuleManager: Shutting down and abandoning module Documentation (132)
[2016.03.11-20.37.18:202][ 27]LogModuleManager: Shutting down and abandoning module GameLiveStreaming (131)
[2016.03.11-20.37.18:202][ 27]LogModuleManager: Shutting down and abandoning module StreamingPauseRendering (130)
[2016.03.11-20.37.18:202][ 27]LogModuleManager: Shutting down and abandoning module AnalyticsET (129)
[2016.03.11-20.37.18:202][ 27]LogModuleManager: Shutting down and abandoning module Analytics (128)
[2016.03.11-20.37.18:202][ 27]LogModuleManager: Shutting down and abandoning module AITestSuite (127)
[2016.03.11-20.37.18:202][ 27]LogModuleManager: Shutting down and abandoning module GameplayDebugger (126)
[2016.03.11-20.37.18:202][ 27]LogModuleManager: Shutting down and abandoning module AIModule (125)
[2016.03.11-20.37.18:202][ 27]LogModuleManager: Shutting down and abandoning module ProfilerService (124)
[2016.03.11-20.37.18:408][ 27]LogModuleManager: Shutting down and abandoning module TaskGraph (123)
[2016.03.11-20.37.18:408][ 27]LogModuleManager: Shutting down and abandoning module SlateRemote (122)
[2016.03.11-20.37.18:408][ 27]LogModuleManager: Shutting down and abandoning module SteamVRController (121)
[2016.03.11-20.37.18:408][ 27]LogModuleManager: Shutting down and abandoning module SteamVR (120)
[2016.03.11-20.37.18:408][ 27]LogModuleManager: Shutting down and abandoning module ProceduralMeshComponent (119)
[2016.03.11-20.37.18:408][ 27]LogModuleManager: Shutting down and abandoning module OculusLibrary (118)
[2016.03.11-20.37.18:408][ 27]LogModuleManager: Shutting down and abandoning module OculusInput (117)
[2016.03.11-20.37.18:408][ 27]LogModuleManager: Shutting down and abandoning module LeapMotionController (116)
[2016.03.11-20.37.18:423][ 27]LogModuleManager: Shutting down and abandoning module CustomMeshComponent (115)
[2016.03.11-20.37.18:423][ 27]LogModuleManager: Shutting down and abandoning module CableComponent (114)
[2016.03.11-20.37.18:423][ 27]LogModuleManager: Shutting down and abandoning module ArchVisCharacter (113)
[2016.03.11-20.37.18:423][ 27]LogModuleManager: Shutting down and abandoning module MessagingDebugger (112)
[2016.03.11-20.37.18:423][ 27]LogModuleManager: Shutting down and abandoning module MediaPlayerEditor (111)
[2016.03.11-20.37.18:423][ 27]LogModuleManager: Shutting down and abandoning module HTML5Networking (110)
[2016.03.11-20.37.18:423][ 27]LogModuleManager: Shutting down and abandoning module SpeedTreeImporter (109)
[2016.03.11-20.37.18:423][ 27]LogModuleManager: Shutting down and abandoning module PluginBrowser (108)
[2016.03.11-20.37.18:423][ 27]LogModuleManager: Shutting down and abandoning module EpicSurvey (107)
[2016.03.11-20.37.18:423][ 27]LogModuleManager: Shutting down and abandoning module DesktopPlatform (106)
[2016.03.11-20.37.18:423][ 27]LogModuleManager: Shutting down and abandoning module VisualStudioSourceCodeAccess (105)
[2016.03.11-20.37.18:423][ 27]LogModuleManager: Shutting down and abandoning module UObjectPlugin (104)
[2016.03.11-20.37.18:423][ 27]LogModuleManager: Shutting down and abandoning module SubversionSourceControl (103)
[2016.03.11-20.37.18:423][ 27]LogModuleManager: Shutting down and abandoning module PerforceSourceControl (102)
[2016.03.11-20.37.18:423][ 27]LogModuleManager: Shutting down and abandoning module SourceControl (101)
[2016.03.11-20.37.18:423][ 27]LogModuleManager: Shutting down and abandoning module GitSourceControl (100)
[2016.03.11-20.37.18:423][ 27]LogModuleManager: Shutting down and abandoning module LightPropagationVolumeEditor (99)
[2016.03.11-20.37.18:423][ 27]LogModuleManager: Shutting down and abandoning module PaperTiledImporter (98)
[2016.03.11-20.37.18:423][ 27]LogModuleManager: Shutting down and abandoning module PaperSpriteSheetImporter (97)
[2016.03.11-20.37.18:423][ 27]LogModuleManager: Shutting down and abandoning module MeshPaint (96)
[2016.03.11-20.37.18:423][ 27]LogModuleManager: Shutting down and abandoning module SlateReflector (95)
[2016.03.11-20.37.18:423][ 27]LogModuleManager: Shutting down and abandoning module HotReload (94)
[2016.03.11-20.37.18:423][ 27]LogModuleManager: Shutting down and abandoning module MainFrame (93)
[2016.03.11-20.37.18:423][ 27]LogModuleManager: Shutting down and abandoning module LevelEditor (92)
[2016.03.11-20.37.18:424][ 27]LogModuleManager: Shutting down and abandoning module DirectoryWatcher (91)
[2016.03.11-20.37.18:424][ 27]LogModuleManager: Shutting down and abandoning module AssetRegistry (90)
[2016.03.11-20.37.18:505][ 27]LogModuleManager: Shutting down and abandoning module ContentBrowser (89)
[2016.03.11-20.37.18:505][ 27]LogModuleManager: Shutting down and abandoning module Paper2DEditor (88)
[2016.03.11-20.37.18:505][ 27]LogModuleManager: Shutting down and abandoning module TowerBollocks (87)
[2016.03.11-20.37.18:505][ 27]LogModuleManager: Shutting down and abandoning module UdpMessaging (86)
[2016.03.11-20.37.18:606][ 27]LogModuleManager: Shutting down and abandoning module LightPropagationVolumeRuntime (85)
[2016.03.11-20.37.18:606][ 27]LogModuleManager: Shutting down and abandoning module Paper2D (84)
[2016.03.11-20.37.18:606][ 27]LogModuleManager: Shutting down and abandoning module WindowsMoviePlayer (83)
[2016.03.11-20.37.18:608][ 27]LogModuleManager: Shutting down and abandoning module Media (82)
[2016.03.11-20.37.18:608][ 27]LogModuleManager: Shutting down and abandoning module WmfMedia (81)
[2016.03.11-20.37.18:608][ 27]LogModuleManager: Shutting down and abandoning module OnlineBlueprintSupport (80)
[2016.03.11-20.37.18:608][ 27]LogModuleManager: Shutting down and abandoning module GameplayTasksEditor (79)
[2016.03.11-20.37.18:608][ 27]LogModuleManager: Shutting down and abandoning module PropertyEditor (78)
[2016.03.11-20.37.18:608][ 27]LogModuleManager: Shutting down and abandoning module BehaviorTreeEditor (77)
[2016.03.11-20.37.18:608][ 27]LogModuleManager: Shutting down and abandoning module FunctionalTesting (76)
[2016.03.11-20.37.18:608][ 27]LogModuleManager: Shutting down and abandoning module CollisionAnalyzer (75)
[2016.03.11-20.37.18:608][ 27]LogModuleManager: Shutting down and abandoning module WorkspaceMenuStructure (74)
[2016.03.11-20.37.18:608][ 27]LogModuleManager: Shutting down and abandoning module MessageLog (73)
[2016.03.11-20.37.18:608][ 27]LogModuleManager: Shutting down and abandoning module Sequencer (72)
[2016.03.11-20.37.18:608][ 27]LogModuleManager: Shutting down and abandoning module AssetTools (71)
[2016.03.11-20.37.18:608][ 27]LogModuleManager: Shutting down and abandoning module UMGEditor (70)
[2016.03.11-20.37.18:608][ 27]LogModuleManager: Shutting down and abandoning module UMG (69)
[2016.03.11-20.37.18:608][ 27]LogModuleManager: Shutting down and abandoning module Slate (68)
[2016.03.11-20.37.18:608][ 27]LogModuleManager: Shutting down and abandoning module EditorStyle (67)
[2016.03.11-20.37.18:610][ 27]LogModuleManager: Shutting down and abandoning module SessionServices (66)
[2016.03.11-20.37.18:610][ 27]LogModuleManager: Shutting down and abandoning module SourceCodeAccess (65)
[2016.03.11-20.37.18:610][ 27]LogModuleManager: Shutting down and abandoning module HeadMountedDisplay (64)
[2016.03.11-20.37.18:610][ 27]LogModuleManager: Shutting down and abandoning module XAudio2 (63)
[2016.03.11-20.37.18:610][ 27]LogModuleManager: Shutting down and abandoning module Networking (61)
[2016.03.11-20.37.18:610][ 27]LogModuleManager: Shutting down and abandoning module Core (60)
[2016.03.11-20.37.18:610][ 27]LogModuleManager: Shutting down and abandoning module KismetCompiler (59)
[2016.03.11-20.37.18:610][ 27]LogModuleManager: Shutting down and abandoning module PhysXFormats (58)
[2016.03.11-20.37.18:610][ 27]LogModuleManager: Shutting down and abandoning module MeshUtilities (57)
[2016.03.11-20.37.18:610][ 27]LogModuleManager: Shutting down and abandoning module DerivedDataCache (56)
[2016.03.11-20.37.18:662][ 27]LogDerivedDataCache: Shutdown
[2016.03.11-20.37.18:662][ 27]LogModuleManager: Shutting down and abandoning module ShaderFormatOpenGL (55)
[2016.03.11-20.37.18:662][ 27]LogModuleManager: Shutting down and abandoning module ShaderFormatD3D (54)
[2016.03.11-20.37.18:662][ 27]LogModuleManager: Shutting down and abandoning module MetalShaderFormat (53)
[2016.03.11-20.37.18:662][ 27]LogModuleManager: Shutting down and abandoning module TextureFormatUncompressed (52)
[2016.03.11-20.37.18:662][ 27]LogModuleManager: Shutting down and abandoning module TextureFormatPVR (51)
[2016.03.11-20.37.18:662][ 27]LogModuleManager: Shutting down and abandoning module TextureFormatIntelISPCTexComp (50)
[2016.03.11-20.37.18:662][ 27]LogModuleManager: Shutting down and abandoning module TextureFormatDXT (49)
[2016.03.11-20.37.18:662][ 27]LogModuleManager: Shutting down and abandoning module ImageWrapper (48)
[2016.03.11-20.37.18:662][ 27]LogModuleManager: Shutting down and abandoning module TextureFormatASTC (47)
[2016.03.11-20.37.18:662][ 27]LogModuleManager: Shutting down and abandoning module TextureFormatAndroid (46)
[2016.03.11-20.37.18:662][ 27]LogModuleManager: Shutting down and abandoning module AudioFormatOpus (45)
[2016.03.11-20.37.18:662][ 27]LogModuleManager: Shutting down and abandoning module AudioFormatOgg (44)
[2016.03.11-20.37.18:662][ 27]LogModuleManager: Shutting down and abandoning module AudioFormatADPCM (43)
[2016.03.11-20.37.18:662][ 27]LogModuleManager: Shutting down and abandoning module LinuxTargetPlatform (42)
[2016.03.11-20.37.18:662][ 27]LogModuleManager: Shutting down and abandoning module LinuxServerTargetPlatform (41)
[2016.03.11-20.37.18:662][ 27]LogModuleManager: Shutting down and abandoning module LinuxNoEditorTargetPlatform (40)
[2016.03.11-20.37.18:662][ 27]LogModuleManager: Shutting down and abandoning module Messaging (39)
[2016.03.11-20.37.18:662][ 27]LogModuleManager: Shutting down and abandoning module IOSTargetPlatform (38)
[2016.03.11-20.37.18:662][ 27]LogModuleManager: Shutting down and abandoning module HTML5TargetPlatform (37)
[2016.03.11-20.37.18:662][ 27]LogModuleManager: Shutting down and abandoning module Android_PVRTCTargetPlatform (36)
[2016.03.11-20.37.18:662][ 27]LogModuleManager: Shutting down and abandoning module Android_MultiTargetPlatform (35)
[2016.03.11-20.37.18:662][ 27]LogModuleManager: Shutting down and abandoning module Android_ETC2TargetPlatform (34)
[2016.03.11-20.37.18:662][ 27]LogModuleManager: Shutting down and abandoning module Android_ETC1TargetPlatform (33)
[2016.03.11-20.37.18:662][ 27]LogModuleManager: Shutting down and abandoning module Android_DXTTargetPlatform (32)
[2016.03.11-20.37.18:662][ 27]LogModuleManager: Shutting down and abandoning module Android_ATCTargetPlatform (31)
[2016.03.11-20.37.18:662][ 27]LogModuleManager: Shutting down and abandoning module Android_ASTCTargetPlatform (30)
[2016.03.11-20.37.18:662][ 27]LogModuleManager: Shutting down and abandoning module AndroidTargetPlatform (29)
[2016.03.11-20.37.18:662][ 27]LogModuleManager: Shutting down and abandoning module WindowsTargetPlatform (28)
[2016.03.11-20.37.18:662][ 27]LogModuleManager: Shutting down and abandoning module WindowsServerTargetPlatform (27)
[2016.03.11-20.37.18:662][ 27]LogModuleManager: Shutting down and abandoning module WindowsNoEditorTargetPlatform (26)
[2016.03.11-20.37.18:662][ 27]LogModuleManager: Shutting down and abandoning module WindowsClientTargetPlatform (25)
[2016.03.11-20.37.18:662][ 27]LogModuleManager: Shutting down and abandoning module AllDesktopTargetPlatform (24)
[2016.03.11-20.37.18:662][ 27]LogModuleManager: Shutting down and abandoning module TargetPlatform (23)
[2016.03.11-20.37.18:662][ 27]LogModuleManager: Shutting down and abandoning module InputCore (22)
[2016.03.11-20.37.18:662][ 27]LogModuleManager: Shutting down and abandoning module Settings (21)
[2016.03.11-20.37.18:662][ 27]LogModuleManager: Shutting down and abandoning module OnlineSubsystem (19)
[2016.03.11-20.37.18:662][ 27]LogModuleManager: Shutting down and abandoning module HTTP (18)
[2016.03.11-20.37.20:664][ 27]LogModuleManager: Shutting down and abandoning module XMPP (17)
[2016.03.11-20.37.20:664][ 27]LogModuleManager: Shutting down and abandoning module OculusRift (16)
[2016.03.11-20.37.20:664][ 27]LogModuleManager: Shutting down and abandoning module ExampleDeviceProfileSelector (15)
[2016.03.11-20.37.20:664][ 27]LogModuleManager: Shutting down and abandoning module TextureCompressor (14)
[2016.03.11-20.37.20:664][ 27]LogModuleManager: Shutting down and abandoning module ShaderCore (13)
[2016.03.11-20.37.20:664][ 27]LogModuleManager: Shutting down and abandoning module Landscape (12)
[2016.03.11-20.37.20:664][ 27]LogModuleManager: Shutting down and abandoning module SlateRHIRenderer (11)
[2016.03.11-20.37.20:665][ 27]LogModuleManager: Shutting down and abandoning module OpenGLDrv (10)
[2016.03.11-20.37.20:665][ 27]LogModuleManager: Shutting down and abandoning module D3D11RHI (9)
[2016.03.11-20.37.20:665][ 27]LogModuleManager: Shutting down and abandoning module AnimGraphRuntime (8)
[2016.03.11-20.37.20:665][ 27]LogModuleManager: Shutting down and abandoning module Renderer (7)
[2016.03.11-20.37.20:665][ 27]LogModuleManager: Shutting down and abandoning module Engine (6)
[2016.03.11-20.37.20:665][ 27]LogModuleManager: Shutting down and abandoning module CoreUObject (5)
[2016.03.11-20.37.20:665][ 27]LogModuleManager: Shutting down and abandoning module NetworkFile (4)
[2016.03.11-20.37.20:665][ 27]LogModuleManager: Shutting down and abandoning module StreamingFile (3)
[2016.03.11-20.37.20:665][ 27]LogModuleManager: Shutting down and abandoning module SandboxFile (2)
[2016.03.11-20.37.20:665][ 27]LogModuleManager: Shutting down and abandoning module PakFile (1)
[2016.03.11-20.37.20:666][ 27]LogExit: Exiting.
[2016.03.11-20.37.20:673][ 27]Log file closed, 03/11/16 21:37:20
